Welcome to R on cspark Computer!


======================================
 c = Inf   rho = 0 
$T1
[1] 45.13385

$T2
[1] 63.22088

$T3
[1] 15.34442

$df
[1] 5 3 4


======================================
 c = 0.1   rho = 0 
$T1
[1] 5.366129

$T2
[1] 1.703268

$T3
[1] 3

$df
[1] 5 3 4


======================================
 c = Inf   rho = 0.1 
$T1
[1] 41.07983

$T2
[1] 62.15901

$T3
[1] 13.78397

$df
[1] 5 3 4


======================================
 c = 0.1   rho = 0.1 
$T1
[1] 5.757585

$T2
[1] 1.70213

$T3
[1] 3.117476

$df
[1] 5 3 4


======================================
 c = Inf   rho = 1 
$T1
[1] 33.86488

$T2
[1] 49.21537

$T3
[1] 24.24848

$df
[1] 5 3 4


======================================
 c = 0.1   rho = 1 
$T1
[1] 10.31926

$T2
[1] 1.671419

$T3
[1] 5.555994

$df
[1] 5 3 4


   Goodbye!

