Welcome to R on cspark Computer!


==============================================
 ** Exponential Models (Table 2) **
==============================================

---------------------------
 * Sample 1 (System I) * 
---------------------------
$mle
         0          1          2 
0.06963303 0.17873101 0.32404407 

$bue
         0          1          2 
0.06615138 0.16979446 0.30784187 


---------------------------
 * Sample 2 (System II) * 
---------------------------
$mle
         0          1          2 
0.08681686 0.22192632 0.15835313 

$bue
         0          1          2 
0.08247602 0.21083000 0.15043547 


==============================================
 ** Weibull Models (Table 3) **
==============================================

---------------------------
 * Sample 1 (System I) * 
---------------------------
$alpha
        0         1         2 
0.9876035 0.9617540 0.9917084 

$mle
         0          1          2 
0.07139321 0.18873908 0.32814397 

$bue
         0          1          2 
0.06782354 0.17930212 0.31173677 


---------------------------
 * Sample 2 (System II) * 
---------------------------
$alpha
        0         1         2 
1.0422490 0.9014824 1.0431595 

$mle
         0          1          2 
0.08054113 0.25116595 0.14386049 

$bue
         0          1          2 
0.07651407 0.23860765 0.13666746 


   Goodbye!

